12:28:08,552  INFO App:15 - Hibernate one to one (Annotation)
12:28:08,774 DEBUG BasicTypeRegistry:147 - Adding type registration boolean -> org.hibernate.type.BooleanType@6aa8ceb6
12:28:08,774 DEBUG BasicTypeRegistry:147 - Adding type registration boolean -> org.hibernate.type.BooleanType@6aa8ceb6
12:28:08,777 DEBUG BasicTypeRegistry:147 - Adding type registration java.lang.Boolean -> org.hibernate.type.BooleanType@6aa8ceb6
12:28:08,779 DEBUG BasicTypeRegistry:147 - Adding type registration numeric_boolean -> org.hibernate.type.NumericBooleanType@3d82c5f3
12:28:08,782 DEBUG BasicTypeRegistry:147 - Adding type registration true_false -> org.hibernate.type.TrueFalseType@1b9e1916
12:28:08,782 DEBUG BasicTypeRegistry:147 - Adding type registration yes_no -> org.hibernate.type.YesNoType@504bae78
12:28:08,784 DEBUG BasicTypeRegistry:147 - Adding type registration byte -> org.hibernate.type.ByteType@5fcfe4b2
12:28:08,784 DEBUG BasicTypeRegistry:147 - Adding type registration byte -> org.hibernate.type.ByteType@5fcfe4b2
12:28:08,784 DEBUG BasicTypeRegistry:147 - Adding type registration java.lang.Byte -> org.hibernate.type.ByteType@5fcfe4b2
12:28:08,787 DEBUG BasicTypeRegistry:147 - Adding type registration character -> org.hibernate.type.CharacterType@ea30797
12:28:08,787 DEBUG BasicTypeRegistry:147 - Adding type registration char -> org.hibernate.type.CharacterType@ea30797
12:28:08,787 DEBUG BasicTypeRegistry:147 - Adding type registration java.lang.Character -> org.hibernate.type.CharacterType@ea30797
12:28:08,792 DEBUG BasicTypeRegistry:147 - Adding type registration short -> org.hibernate.type.ShortType@726f3b58
12:28:08,792 DEBUG BasicTypeRegistry:147 - Adding type registration short -> org.hibernate.type.ShortType@726f3b58
12:28:08,792 DEBUG BasicTypeRegistry:147 - Adding type registration java.lang.Short -> org.hibernate.type.ShortType@726f3b58
12:28:08,797 DEBUG BasicTypeRegistry:147 - Adding type registration integer -> org.hibernate.type.IntegerType@41975e01
12:28:08,797 DEBUG BasicTypeRegistry:147 - Adding type registration int -> org.hibernate.type.IntegerType@41975e01
12:28:08,799 DEBUG BasicTypeRegistry:147 - Adding type registration java.lang.Integer -> org.hibernate.type.IntegerType@41975e01
12:28:08,802 DEBUG BasicTypeRegistry:147 - Adding type registration long -> org.hibernate.type.LongType@3d012ddd
12:28:08,804 DEBUG BasicTypeRegistry:147 - Adding type registration long -> org.hibernate.type.LongType@3d012ddd
12:28:08,804 DEBUG BasicTypeRegistry:147 - Adding type registration java.lang.Long -> org.hibernate.type.LongType@3d012ddd
12:28:08,807 DEBUG BasicTypeRegistry:147 - Adding type registration float -> org.hibernate.type.FloatType@cac736f
12:28:08,807 DEBUG BasicTypeRegistry:147 - Adding type registration float -> org.hibernate.type.FloatType@cac736f
12:28:08,809 DEBUG BasicTypeRegistry:147 - Adding type registration java.lang.Float -> org.hibernate.type.FloatType@cac736f
12:28:08,822 DEBUG BasicTypeRegistry:147 - Adding type registration double -> org.hibernate.type.DoubleType@76ccd017
12:28:08,824 DEBUG BasicTypeRegistry:147 - Adding type registration double -> org.hibernate.type.DoubleType@76ccd017
12:28:08,824 DEBUG BasicTypeRegistry:147 - Adding type registration java.lang.Double -> org.hibernate.type.DoubleType@76ccd017
12:28:08,832 DEBUG BasicTypeRegistry:147 - Adding type registration big_decimal -> org.hibernate.type.BigDecimalType@5d22bbb7
12:28:08,832 DEBUG BasicTypeRegistry:147 - Adding type registration java.math.BigDecimal -> org.hibernate.type.BigDecimalType@5d22bbb7
12:28:08,834 DEBUG BasicTypeRegistry:147 - Adding type registration big_integer -> org.hibernate.type.BigIntegerType@123772c4
12:28:08,834 DEBUG BasicTypeRegistry:147 - Adding type registration java.math.BigInteger -> org.hibernate.type.BigIntegerType@123772c4
12:28:08,837 DEBUG BasicTypeRegistry:147 - Adding type registration string -> org.hibernate.type.StringType@6f75e721
12:28:08,837 DEBUG BasicTypeRegistry:147 - Adding type registration java.lang.String -> org.hibernate.type.StringType@6f75e721
12:28:08,839 DEBUG BasicTypeRegistry:147 - Adding type registration url -> org.hibernate.type.UrlType@3fb4f649
12:28:08,839 DEBUG BasicTypeRegistry:147 - Adding type registration java.net.URL -> org.hibernate.type.UrlType@3fb4f649
12:28:08,842 DEBUG BasicTypeRegistry:147 - Adding type registration date -> org.hibernate.type.DateType@1e81f4dc
12:28:08,842 DEBUG BasicTypeRegistry:147 - Adding type registration java.sql.Date -> org.hibernate.type.DateType@1e81f4dc
12:28:08,847 DEBUG BasicTypeRegistry:147 - Adding type registration time -> org.hibernate.type.TimeType@7960847b
12:28:08,847 DEBUG BasicTypeRegistry:147 - Adding type registration java.sql.Time -> org.hibernate.type.TimeType@7960847b
12:28:08,849 DEBUG BasicTypeRegistry:147 - Adding type registration timestamp -> org.hibernate.type.TimestampType@9e89d68
12:28:08,849 DEBUG BasicTypeRegistry:147 - Adding type registration java.sql.Timestamp -> org.hibernate.type.TimestampType@9e89d68
12:28:08,849 DEBUG BasicTypeRegistry:147 - Adding type registration java.util.Date -> org.hibernate.type.TimestampType@9e89d68
12:28:08,852 DEBUG BasicTypeRegistry:147 - Adding type registration dbtimestamp -> org.hibernate.type.DbTimestampType@311d617d
12:28:08,854 DEBUG BasicTypeRegistry:147 - Adding type registration calendar -> org.hibernate.type.CalendarType@11028347
12:28:08,854 DEBUG BasicTypeRegistry:147 - Adding type registration java.util.Calendar -> org.hibernate.type.CalendarType@11028347
12:28:08,854 DEBUG BasicTypeRegistry:147 - Adding type registration java.util.GregorianCalendar -> org.hibernate.type.CalendarType@11028347
12:28:08,857 DEBUG BasicTypeRegistry:147 - Adding type registration calendar_date -> org.hibernate.type.CalendarDateType@2aae9190
12:28:08,857 DEBUG BasicTypeRegistry:147 - Adding type registration locale -> org.hibernate.type.LocaleType@7a7b0070
12:28:08,857 DEBUG BasicTypeRegistry:147 - Adding type registration java.util.Locale -> org.hibernate.type.LocaleType@7a7b0070
12:28:08,859 DEBUG BasicTypeRegistry:147 - Adding type registration currency -> org.hibernate.type.CurrencyType@1f89ab83
12:28:08,864 DEBUG BasicTypeRegistry:147 - Adding type registration java.util.Currency -> org.hibernate.type.CurrencyType@1f89ab83
12:28:08,867 DEBUG BasicTypeRegistry:147 - Adding type registration timezone -> org.hibernate.type.TimeZoneType@383534aa
12:28:08,867 DEBUG BasicTypeRegistry:147 - Adding type registration java.util.TimeZone -> org.hibernate.type.TimeZoneType@383534aa
12:28:08,869 DEBUG BasicTypeRegistry:147 - Adding type registration class -> org.hibernate.type.ClassType@7382f612
12:28:08,869 DEBUG BasicTypeRegistry:147 - Adding type registration java.lang.Class -> org.hibernate.type.ClassType@7382f612
12:28:08,914 DEBUG BasicTypeRegistry:147 - Adding type registration uuid-binary -> org.hibernate.type.UUIDBinaryType@277c0f21
12:28:08,914 DEBUG BasicTypeRegistry:147 - Adding type registration java.util.UUID -> org.hibernate.type.UUIDBinaryType@277c0f21
12:28:08,914 DEBUG BasicTypeRegistry:147 - Adding type registration uuid-char -> org.hibernate.type.UUIDCharType@3d04a311
12:28:08,917 DEBUG BasicTypeRegistry:147 - Adding type registration pg-uuid -> org.hibernate.type.PostgresUUIDType@3abfe836
12:28:08,917 DEBUG BasicTypeRegistry:147 - Adding type registration binary -> org.hibernate.type.BinaryType@57fa26b7
12:28:08,919 DEBUG BasicTypeRegistry:147 - Adding type registration byte[] -> org.hibernate.type.BinaryType@57fa26b7
12:28:08,919 DEBUG BasicTypeRegistry:147 - Adding type registration [B -> org.hibernate.type.BinaryType@57fa26b7
12:28:08,919 DEBUG BasicTypeRegistry:147 - Adding type registration wrapper-binary -> org.hibernate.type.WrapperBinaryType@68f7aae2
12:28:08,922 DEBUG BasicTypeRegistry:147 - Adding type registration Byte[] -> org.hibernate.type.WrapperBinaryType@68f7aae2
12:28:08,922 DEBUG BasicTypeRegistry:147 - Adding type registration [Ljava.lang.Byte; -> org.hibernate.type.WrapperBinaryType@68f7aae2
12:28:08,922 DEBUG BasicTypeRegistry:147 - Adding type registration image -> org.hibernate.type.ImageType@27ddd392
12:28:08,924 DEBUG BasicTypeRegistry:147 - Adding type registration characters -> org.hibernate.type.CharArrayType@3cd1f1c8
12:28:08,924 DEBUG BasicTypeRegistry:147 - Adding type registration char[] -> org.hibernate.type.CharArrayType@3cd1f1c8
12:28:08,924 DEBUG BasicTypeRegistry:147 - Adding type registration [C -> org.hibernate.type.CharArrayType@3cd1f1c8
12:28:08,927 DEBUG BasicTypeRegistry:147 - Adding type registration wrapper-characters -> org.hibernate.type.CharacterArrayType@6d1e7682
12:28:08,927 DEBUG BasicTypeRegistry:147 - Adding type registration [Ljava.lang.Character; -> org.hibernate.type.CharacterArrayType@6d1e7682
12:28:08,927 DEBUG BasicTypeRegistry:147 - Adding type registration Character[] -> org.hibernate.type.CharacterArrayType@6d1e7682
12:28:08,929 DEBUG BasicTypeRegistry:147 - Adding type registration text -> org.hibernate.type.TextType@2a3046da
12:28:08,999 DEBUG BasicTypeRegistry:147 - Adding type registration blob -> org.hibernate.type.BlobType@768debd
12:28:08,999 DEBUG BasicTypeRegistry:147 - Adding type registration java.sql.Blob -> org.hibernate.type.BlobType@768debd
12:28:09,002 DEBUG BasicTypeRegistry:147 - Adding type registration materialized_blob -> org.hibernate.type.MaterializedBlobType@449b2d27
12:28:09,004 DEBUG BasicTypeRegistry:147 - Adding type registration wrapper_materialized_blob -> org.hibernate.type.WrappedMaterializedBlobType@66133adc
12:28:09,009 DEBUG BasicTypeRegistry:147 - Adding type registration clob -> org.hibernate.type.ClobType@6f79caec
12:28:09,009 DEBUG BasicTypeRegistry:147 - Adding type registration java.sql.Clob -> org.hibernate.type.ClobType@6f79caec
12:28:09,012 DEBUG BasicTypeRegistry:147 - Adding type registration materialized_clob -> org.hibernate.type.MaterializedClobType@2471cca7
12:28:09,012 DEBUG BasicTypeRegistry:147 - Adding type registration wrapper_characters_clob -> org.hibernate.type.CharacterArrayClobType@763d9750
12:28:09,014 DEBUG BasicTypeRegistry:147 - Adding type registration characters_clob -> org.hibernate.type.PrimitiveCharacterArrayClobType@d70c109
12:28:09,017 DEBUG BasicTypeRegistry:147 - Adding type registration serializable -> org.hibernate.type.SerializableType@47d384ee
12:28:09,037 DEBUG BasicTypeRegistry:147 - Adding type registration object -> org.hibernate.type.ObjectType@1c53fd30
12:28:09,037 DEBUG BasicTypeRegistry:147 - Adding type registration java.lang.Object -> org.hibernate.type.ObjectType@1c53fd30
12:28:09,039 DEBUG BasicTypeRegistry:147 - Adding type registration imm_date -> org.hibernate.type.AdaptedImmutableType@282ba1e
12:28:09,039 DEBUG BasicTypeRegistry:147 - Adding type registration imm_time -> org.hibernate.type.AdaptedImmutableType@13b6d03
12:28:09,042 DEBUG BasicTypeRegistry:147 - Adding type registration imm_timestamp -> org.hibernate.type.AdaptedImmutableType@f5f2bb7
12:28:09,042 DEBUG BasicTypeRegistry:147 - Adding type registration imm_dbtimestamp -> org.hibernate.type.AdaptedImmutableType@73035e27
12:28:09,042 DEBUG BasicTypeRegistry:147 - Adding type registration imm_calendar -> org.hibernate.type.AdaptedImmutableType@64c64813
12:28:09,042 DEBUG BasicTypeRegistry:147 - Adding type registration imm_calendar_date -> org.hibernate.type.AdaptedImmutableType@3ecf72fd
12:28:09,042 DEBUG BasicTypeRegistry:147 - Adding type registration imm_binary -> org.hibernate.type.AdaptedImmutableType@483bf400
12:28:09,042 DEBUG BasicTypeRegistry:147 - Adding type registration imm_serializable -> org.hibernate.type.AdaptedImmutableType@21a06946
12:28:09,177  INFO Version:37 - Hibernate Commons Annotations 3.2.0.Final
12:28:09,184  INFO Environment:593 - Hibernate 3.6.3.Final
12:28:09,582  INFO Environment:626 - hibernate.properties not found
12:28:09,589  INFO Environment:804 - Bytecode provider name : javassist
12:28:09,594  INFO Environment:685 - using JDK 1.4 java.sql.Timestamp handling
12:28:09,769  INFO Configuration:2129 - configuring from resource: /hibernate.cfg.xml
12:28:09,770  INFO Configuration:2148 - Configuration resource: /hibernate.cfg.xml
12:28:10,008  INFO Configuration:2270 - Configured SessionFactory: null
12:28:10,125  INFO AnnotationBinder:532 - Binding entity from annotated class: com.mkyong.stock.Stock
12:28:10,174  INFO EntityBinder:530 - Bind entity com.mkyong.stock.Stock on table stock
12:28:10,266  INFO AnnotationBinder:532 - Binding entity from annotated class: com.mkyong.stock.StockDetail
12:28:10,267  INFO EntityBinder:530 - Bind entity com.mkyong.stock.StockDetail on table stock_detail
12:28:10,301  INFO Configuration:1649 - Hibernate Validator not found: ignoring
12:28:10,306  INFO HibernateSearchEventListenerRegister:75 - Unable to find org.hibernate.search.event.FullTextIndexEventListener on the classpath. Hibernate Search is not enabled.
12:28:10,314  INFO DriverManagerConnectionProvider:64 - Using Hibernate built-in connection pool (not for production use!)
12:28:10,315  INFO DriverManagerConnectionProvider:65 - Hibernate connection pool size: 20
12:28:10,315  INFO DriverManagerConnectionProvider:68 - autocommit mode: false
12:28:10,346  INFO DriverManagerConnectionProvider:103 - using driver: org.postgresql.Driver at URL: jdbc:postgresql://localhost:9001/stock
12:28:10,347  INFO DriverManagerConnectionProvider:109 - connection properties: {user=postgres, password=****}
12:28:10,644  INFO Dialect:135 - Using dialect: org.hibernate.dialect.PostgreSQLDialect
12:28:10,707  INFO JdbcSupportLoader:108 - Disabling contextual LOB creation as createClob() method threw error : java.lang.reflect.InvocationTargetException
12:28:10,708  INFO SettingsFactory:126 - Database ->
       name : PostgreSQL
    version : 9.6.2
      major : 9
      minor : 6
12:28:10,709  INFO SettingsFactory:132 - Driver ->
       name : PostgreSQL JDBC Driver
    version : 42.1.1
      major : 42
      minor : 1
12:28:10,710  INFO TransactionFactoryFactory:59 - Using default transaction strategy (direct JDBC transactions)
12:28:10,712  INFO TransactionManagerLookupFactory:80 - No TransactionManagerLookup configured (in JTA environment, use of read-write or transactional second-level cache is not recommended)
12:28:10,713  INFO SettingsFactory:179 - Automatic flush during beforeCompletion(): disabled
12:28:10,713  INFO SettingsFactory:183 - Automatic session close at end of transaction: disabled
12:28:10,713  INFO SettingsFactory:190 - JDBC batch size: 15
12:28:10,713  INFO SettingsFactory:193 - JDBC batch updates for versioned data: disabled
12:28:10,714  INFO SettingsFactory:198 - Scrollable result sets: enabled
12:28:10,715  INFO SettingsFactory:206 - JDBC3 getGeneratedKeys(): enabled
12:28:10,715  INFO SettingsFactory:214 - Connection release mode: auto
12:28:10,716  INFO SettingsFactory:241 - Default batch fetch size: 1
12:28:10,716  INFO SettingsFactory:245 - Generate SQL with comments: disabled
12:28:10,717  INFO SettingsFactory:249 - Order SQL updates by primary key: disabled
12:28:10,717  INFO SettingsFactory:253 - Order SQL inserts for batching: disabled
12:28:10,717  INFO SettingsFactory:431 - Query translator: org.hibernate.hql.ast.ASTQueryTranslatorFactory
12:28:10,717  INFO ASTQueryTranslatorFactory:47 - Using ASTQueryTranslatorFactory
12:28:10,722  INFO SettingsFactory:261 - Query language substitutions: {}
12:28:10,723  INFO SettingsFactory:266 - JPA-QL strict compliance: disabled
12:28:10,723  INFO SettingsFactory:271 - Second-level cache: enabled
12:28:10,723  INFO SettingsFactory:275 - Query cache: disabled
12:28:10,725  INFO SettingsFactory:406 - Cache region factory : org.hibernate.cache.impl.NoCachingRegionFactory
12:28:10,726  INFO SettingsFactory:285 - Optimize cache for minimal puts: disabled
12:28:10,726  INFO SettingsFactory:294 - Structured second-level cache entries: disabled
12:28:10,731  INFO SettingsFactory:314 - Echoing all SQL to stdout
12:28:10,732  INFO SettingsFactory:323 - Statistics: disabled
12:28:10,732  INFO SettingsFactory:327 - Deleted entity synthetic identifier rollback: disabled
12:28:10,733  INFO SettingsFactory:343 - Default entity-mode: pojo
12:28:10,733  INFO SettingsFactory:347 - Named query checking : enabled
12:28:10,733  INFO SettingsFactory:351 - Check Nullability in Core (should be disabled when Bean Validation is on): enabled
12:28:10,763  INFO SessionFactoryImpl:202 - building session factory
12:28:10,770 TRACE TypeFactory:72 - Scoping types to session factory org.hibernate.impl.SessionFactoryImpl@68999068
12:28:10,771 DEBUG BasicTypeRegistry:147 - Adding type registration boolean -> org.hibernate.type.BooleanType@6aa8ceb6
12:28:10,771 DEBUG BasicTypeRegistry:147 - Adding type registration boolean -> org.hibernate.type.BooleanType@6aa8ceb6
12:28:10,771 DEBUG BasicTypeRegistry:147 - Adding type registration java.lang.Boolean -> org.hibernate.type.BooleanType@6aa8ceb6
12:28:10,772 DEBUG BasicTypeRegistry:147 - Adding type registration numeric_boolean -> org.hibernate.type.NumericBooleanType@3d82c5f3
12:28:10,773 DEBUG BasicTypeRegistry:147 - Adding type registration true_false -> org.hibernate.type.TrueFalseType@1b9e1916
12:28:10,773 DEBUG BasicTypeRegistry:147 - Adding type registration yes_no -> org.hibernate.type.YesNoType@504bae78
12:28:10,773 DEBUG BasicTypeRegistry:147 - Adding type registration byte -> org.hibernate.type.ByteType@5fcfe4b2
12:28:10,773 DEBUG BasicTypeRegistry:147 - Adding type registration byte -> org.hibernate.type.ByteType@5fcfe4b2
12:28:10,774 DEBUG BasicTypeRegistry:147 - Adding type registration java.lang.Byte -> org.hibernate.type.ByteType@5fcfe4b2
12:28:10,774 DEBUG BasicTypeRegistry:147 - Adding type registration character -> org.hibernate.type.CharacterType@ea30797
12:28:10,774 DEBUG BasicTypeRegistry:147 - Adding type registration char -> org.hibernate.type.CharacterType@ea30797
12:28:10,774 DEBUG BasicTypeRegistry:147 - Adding type registration java.lang.Character -> org.hibernate.type.CharacterType@ea30797
12:28:10,774 DEBUG BasicTypeRegistry:147 - Adding type registration short -> org.hibernate.type.ShortType@726f3b58
12:28:10,775 DEBUG BasicTypeRegistry:147 - Adding type registration short -> org.hibernate.type.ShortType@726f3b58
12:28:10,775 DEBUG BasicTypeRegistry:147 - Adding type registration java.lang.Short -> org.hibernate.type.ShortType@726f3b58
12:28:10,775 DEBUG BasicTypeRegistry:147 - Adding type registration integer -> org.hibernate.type.IntegerType@41975e01
12:28:10,775 DEBUG BasicTypeRegistry:147 - Adding type registration int -> org.hibernate.type.IntegerType@41975e01
12:28:10,775 DEBUG BasicTypeRegistry:147 - Adding type registration java.lang.Integer -> org.hibernate.type.IntegerType@41975e01
12:28:10,776 DEBUG BasicTypeRegistry:147 - Adding type registration long -> org.hibernate.type.LongType@3d012ddd
12:28:10,776 DEBUG BasicTypeRegistry:147 - Adding type registration long -> org.hibernate.type.LongType@3d012ddd
12:28:10,776 DEBUG BasicTypeRegistry:147 - Adding type registration java.lang.Long -> org.hibernate.type.LongType@3d012ddd
12:28:10,776 DEBUG BasicTypeRegistry:147 - Adding type registration float -> org.hibernate.type.FloatType@cac736f
12:28:10,776 DEBUG BasicTypeRegistry:147 - Adding type registration float -> org.hibernate.type.FloatType@cac736f
12:28:10,777 DEBUG BasicTypeRegistry:147 - Adding type registration java.lang.Float -> org.hibernate.type.FloatType@cac736f
12:28:10,777 DEBUG BasicTypeRegistry:147 - Adding type registration double -> org.hibernate.type.DoubleType@76ccd017
12:28:10,777 DEBUG BasicTypeRegistry:147 - Adding type registration double -> org.hibernate.type.DoubleType@76ccd017
12:28:10,777 DEBUG BasicTypeRegistry:147 - Adding type registration java.lang.Double -> org.hibernate.type.DoubleType@76ccd017
12:28:10,777 DEBUG BasicTypeRegistry:147 - Adding type registration big_decimal -> org.hibernate.type.BigDecimalType@5d22bbb7
12:28:10,778 DEBUG BasicTypeRegistry:147 - Adding type registration java.math.BigDecimal -> org.hibernate.type.BigDecimalType@5d22bbb7
12:28:10,778 DEBUG BasicTypeRegistry:147 - Adding type registration big_integer -> org.hibernate.type.BigIntegerType@123772c4
12:28:10,778 DEBUG BasicTypeRegistry:147 - Adding type registration java.math.BigInteger -> org.hibernate.type.BigIntegerType@123772c4
12:28:10,778 DEBUG BasicTypeRegistry:147 - Adding type registration string -> org.hibernate.type.StringType@6f75e721
12:28:10,778 DEBUG BasicTypeRegistry:147 - Adding type registration java.lang.String -> org.hibernate.type.StringType@6f75e721
12:28:10,779 DEBUG BasicTypeRegistry:147 - Adding type registration url -> org.hibernate.type.UrlType@3fb4f649
12:28:10,779 DEBUG BasicTypeRegistry:147 - Adding type registration java.net.URL -> org.hibernate.type.UrlType@3fb4f649
12:28:10,779 DEBUG BasicTypeRegistry:147 - Adding type registration date -> org.hibernate.type.DateType@1e81f4dc
12:28:10,779 DEBUG BasicTypeRegistry:147 - Adding type registration java.sql.Date -> org.hibernate.type.DateType@1e81f4dc
12:28:10,779 DEBUG BasicTypeRegistry:147 - Adding type registration time -> org.hibernate.type.TimeType@7960847b
12:28:10,780 DEBUG BasicTypeRegistry:147 - Adding type registration java.sql.Time -> org.hibernate.type.TimeType@7960847b
12:28:10,780 DEBUG BasicTypeRegistry:147 - Adding type registration timestamp -> org.hibernate.type.TimestampType@9e89d68
12:28:10,780 DEBUG BasicTypeRegistry:147 - Adding type registration java.sql.Timestamp -> org.hibernate.type.TimestampType@9e89d68
12:28:10,780 DEBUG BasicTypeRegistry:147 - Adding type registration java.util.Date -> org.hibernate.type.TimestampType@9e89d68
12:28:10,780 DEBUG BasicTypeRegistry:147 - Adding type registration dbtimestamp -> org.hibernate.type.DbTimestampType@311d617d
12:28:10,782 DEBUG BasicTypeRegistry:147 - Adding type registration calendar -> org.hibernate.type.CalendarType@11028347
12:28:10,782 DEBUG BasicTypeRegistry:147 - Adding type registration java.util.Calendar -> org.hibernate.type.CalendarType@11028347
12:28:10,782 DEBUG BasicTypeRegistry:147 - Adding type registration java.util.GregorianCalendar -> org.hibernate.type.CalendarType@11028347
12:28:10,782 DEBUG BasicTypeRegistry:147 - Adding type registration calendar_date -> org.hibernate.type.CalendarDateType@2aae9190
12:28:10,782 DEBUG BasicTypeRegistry:147 - Adding type registration locale -> org.hibernate.type.LocaleType@7a7b0070
12:28:10,783 DEBUG BasicTypeRegistry:147 - Adding type registration java.util.Locale -> org.hibernate.type.LocaleType@7a7b0070
12:28:10,783 DEBUG BasicTypeRegistry:147 - Adding type registration currency -> org.hibernate.type.CurrencyType@1f89ab83
12:28:10,784 DEBUG BasicTypeRegistry:147 - Adding type registration java.util.Currency -> org.hibernate.type.CurrencyType@1f89ab83
12:28:10,784 DEBUG BasicTypeRegistry:147 - Adding type registration timezone -> org.hibernate.type.TimeZoneType@383534aa
12:28:10,784 DEBUG BasicTypeRegistry:147 - Adding type registration java.util.TimeZone -> org.hibernate.type.TimeZoneType@383534aa
12:28:10,784 DEBUG BasicTypeRegistry:147 - Adding type registration class -> org.hibernate.type.ClassType@7382f612
12:28:10,784 DEBUG BasicTypeRegistry:147 - Adding type registration java.lang.Class -> org.hibernate.type.ClassType@7382f612
12:28:10,784 DEBUG BasicTypeRegistry:147 - Adding type registration uuid-binary -> org.hibernate.type.UUIDBinaryType@277c0f21
12:28:10,784 DEBUG BasicTypeRegistry:147 - Adding type registration java.util.UUID -> org.hibernate.type.UUIDBinaryType@277c0f21
12:28:10,784 DEBUG BasicTypeRegistry:147 - Adding type registration uuid-char -> org.hibernate.type.UUIDCharType@3d04a311
12:28:10,784 DEBUG BasicTypeRegistry:147 - Adding type registration pg-uuid -> org.hibernate.type.PostgresUUIDType@3abfe836
12:28:10,784 DEBUG BasicTypeRegistry:147 - Adding type registration binary -> org.hibernate.type.BinaryType@57fa26b7
12:28:10,784 DEBUG BasicTypeRegistry:147 - Adding type registration byte[] -> org.hibernate.type.BinaryType@57fa26b7
12:28:10,784 DEBUG BasicTypeRegistry:147 - Adding type registration [B -> org.hibernate.type.BinaryType@57fa26b7
12:28:10,784 DEBUG BasicTypeRegistry:147 - Adding type registration wrapper-binary -> org.hibernate.type.WrapperBinaryType@68f7aae2
12:28:10,784 DEBUG BasicTypeRegistry:147 - Adding type registration Byte[] -> org.hibernate.type.WrapperBinaryType@68f7aae2
12:28:10,784 DEBUG BasicTypeRegistry:147 - Adding type registration [Ljava.lang.Byte; -> org.hibernate.type.WrapperBinaryType@68f7aae2
12:28:10,784 DEBUG BasicTypeRegistry:147 - Adding type registration image -> org.hibernate.type.ImageType@27ddd392
12:28:10,784 DEBUG BasicTypeRegistry:147 - Adding type registration characters -> org.hibernate.type.CharArrayType@3cd1f1c8
12:28:10,784 DEBUG BasicTypeRegistry:147 - Adding type registration char[] -> org.hibernate.type.CharArrayType@3cd1f1c8
12:28:10,786 DEBUG BasicTypeRegistry:147 - Adding type registration [C -> org.hibernate.type.CharArrayType@3cd1f1c8
12:28:10,786 DEBUG BasicTypeRegistry:147 - Adding type registration wrapper-characters -> org.hibernate.type.CharacterArrayType@6d1e7682
12:28:10,786 DEBUG BasicTypeRegistry:147 - Adding type registration [Ljava.lang.Character; -> org.hibernate.type.CharacterArrayType@6d1e7682
12:28:10,786 DEBUG BasicTypeRegistry:147 - Adding type registration Character[] -> org.hibernate.type.CharacterArrayType@6d1e7682
12:28:10,786 DEBUG BasicTypeRegistry:147 - Adding type registration text -> org.hibernate.type.TextType@2a3046da
12:28:10,787 DEBUG BasicTypeRegistry:147 - Adding type registration blob -> org.hibernate.type.BlobType@768debd
12:28:10,787 DEBUG BasicTypeRegistry:147 - Adding type registration java.sql.Blob -> org.hibernate.type.BlobType@768debd
12:28:10,787 DEBUG BasicTypeRegistry:147 - Adding type registration materialized_blob -> org.hibernate.type.MaterializedBlobType@449b2d27
12:28:10,787 DEBUG BasicTypeRegistry:147 - Adding type registration wrapper_materialized_blob -> org.hibernate.type.WrappedMaterializedBlobType@66133adc
12:28:10,787 DEBUG BasicTypeRegistry:147 - Adding type registration clob -> org.hibernate.type.ClobType@6f79caec
12:28:10,787 DEBUG BasicTypeRegistry:147 - Adding type registration java.sql.Clob -> org.hibernate.type.ClobType@6f79caec
12:28:10,787 DEBUG BasicTypeRegistry:147 - Adding type registration materialized_clob -> org.hibernate.type.MaterializedClobType@2471cca7
12:28:10,788 DEBUG BasicTypeRegistry:147 - Adding type registration wrapper_characters_clob -> org.hibernate.type.CharacterArrayClobType@763d9750
12:28:10,790 DEBUG BasicTypeRegistry:147 - Adding type registration characters_clob -> org.hibernate.type.PrimitiveCharacterArrayClobType@d70c109
12:28:10,790 DEBUG BasicTypeRegistry:147 - Adding type registration serializable -> org.hibernate.type.SerializableType@47d384ee
12:28:10,790 DEBUG BasicTypeRegistry:147 - Adding type registration object -> org.hibernate.type.ObjectType@1c53fd30
12:28:10,790 DEBUG BasicTypeRegistry:147 - Adding type registration java.lang.Object -> org.hibernate.type.ObjectType@1c53fd30
12:28:10,790 DEBUG BasicTypeRegistry:147 - Adding type registration imm_date -> org.hibernate.type.AdaptedImmutableType@7722c3c3
12:28:10,790 DEBUG BasicTypeRegistry:147 - Adding type registration imm_time -> org.hibernate.type.AdaptedImmutableType@2ef3eef9
12:28:10,791 DEBUG BasicTypeRegistry:147 - Adding type registration imm_timestamp -> org.hibernate.type.AdaptedImmutableType@243c4f91
12:28:10,791 DEBUG BasicTypeRegistry:147 - Adding type registration imm_dbtimestamp -> org.hibernate.type.AdaptedImmutableType@291ae
12:28:10,791 DEBUG BasicTypeRegistry:147 - Adding type registration imm_calendar -> org.hibernate.type.AdaptedImmutableType@61df66b6
12:28:10,791 DEBUG BasicTypeRegistry:147 - Adding type registration imm_calendar_date -> org.hibernate.type.AdaptedImmutableType@50eac852
12:28:10,791 DEBUG BasicTypeRegistry:147 - Adding type registration imm_binary -> org.hibernate.type.AdaptedImmutableType@16ec5519
12:28:10,791 DEBUG BasicTypeRegistry:147 - Adding type registration imm_serializable -> org.hibernate.type.AdaptedImmutableType@2f7298b
12:28:10,792 DEBUG BasicTypeRegistry:147 - Adding type registration materialized_blob -> org.hibernate.type.MaterializedBlobType@188715b5
12:28:10,794  INFO BasicTypeRegistry:150 - Type registration [materialized_blob] overrides previous : org.hibernate.type.MaterializedBlobType@449b2d27
12:28:11,820  INFO SessionFactoryObjectFactory:105 - Not binding factory to JNDI, no JNDI name configured
12:28:11,831  INFO SchemaExport:234 - Running hbm2ddl schema export
12:28:11,832  INFO SchemaExport:262 - exporting generated schema to database
12:28:13,276  INFO SchemaExport:281 - schema export complete
12:28:13,415 TRACE BasicBinder:82 - binding parameter [1] as [VARCHAR] - 7052
12:28:13,415 TRACE BasicBinder:82 - binding parameter [2] as [VARCHAR] - PADINI
12:28:13,449 TRACE BasicBinder:82 - binding parameter [1] as [VARCHAR] - one stop shopping
12:28:13,449 TRACE BasicBinder:82 - binding parameter [2] as [VARCHAR] - PADINI Holding Malaysia
12:28:13,454 TRACE BasicBinder:82 - binding parameter [3] as [DATE] - Thu Nov 09 12:28:13 GMT 2017
12:28:13,455 TRACE BasicBinder:82 - binding parameter [4] as [VARCHAR] - vinci vinci
12:28:13,456 TRACE BasicBinder:82 - binding parameter [5] as [INTEGER] - 1
12:28:13,464  INFO App:37 - Done
